2020-11-16 18:28:54,297 - businessSchool_tabLists - INFO - 测试用例businessSchool_tabLists开始执行
2020-11-16 18:28:54,347 - businessSchool_tabLists - INFO - 响应内容为{
    "code":200,
    "data":{
        "lists":[
            {
                "cate_id":"0",
                "child_cate":[],
                "title":"\u63a8\u8350",
                "type":"1"
            },
            {
                "cate_id":"112",
                "child_cate":[
                    {
                        "cate_id":"113",
                        "cate_name":"\u6d4b\u8bd53\u7ea7\u5206\u7c7b",
                        "child_cate":[
                            {
                                "cate_id":"114",
                                "cate_name":"\u6d4b\u8bd54\u7ea7\u5206\u7c7b",
                                "level":"4"
                            }
                        ],
                        "level":"3"
                    },
                    {
                        "cate_id":"116",
                        "cate_name":"\u6d4b\u8bd53\u7ea7\u5206\u7c7b-2",
                        "child_cate":[
                            {
                                "cate_id":"117",
                                "cate_name":"\u6d4b\u8bd54\u7ea7\u5206\u7c7b-2",
                                "level":"4"
                            }
                        ],
                        "level":"3"
                    },
                    {
                        "cate_id":"118",
                        "cate_name":"LV1",
                        "child_cate":[],
                        "level":"3"
                    },
                    {
                        "cate_id":"119",
                        "cate_name":"LV2",
                        "child_cate":[],
                        "level":"3"
                    },
                    {
                        "cate_id":"120",
                        "cate_name":"LV3",
                        "child_cate":[],
                        "level":"3"
                    }
                ],
                "title":"\u6d4b\u8bd52\u7ea7\u5206\u7c7b",
                "type":"2"
            },
            {
                "cate_id":"60",
                "child_cate":[],
                "title":"\u4ea7\u54c1\u767e\u79d1",
                "type":"2"
            },
            {
                "cate_id":"59",
                "child_cate":[],
                "title":"\u8d4b\u80fd\u7cfb\u5217",
                "type":"2"
            },
            {
                "cate_id":"57",
                "child_cate":[],
                "title":"\u6210\u957f\u9636\u68af",
                "type":"2"
            },
            {
                "cate_id":"48",
                "child_cate":[],
                "title":"\u65b0\u4eba\u5165\u95e8",
                "type":"2"
            }
        ]
    },
    "msg":"success"
}
