2020-11-25 10:41:23,011 - businessSchool_tabLists - INFO - 测试用例businessSchool_tabLists开始执行
2020-11-25 10:41:23,099 - businessSchool_tabLists - INFO - 响应内容为{
    "code":200,
    "data":{
        "lists":[
            {
                "cate_id":"0",
                "child_cate":[],
                "title":"\u63a8\u8350",
                "type":"1"
            },
            {
                "cate_id":"288",
                "child_cate":[
                    {
                        "cate_id":"289",
                        "cate_name":"\u6ca1\u6709\u5934\u56fe\u7684\u4e8c\u7ea7\u5206\u7c7b1",
                        "child_cate":[
                            {
                                "cate_id":"292",
                                "cate_name":"\u6ca1\u6709\u5934\u56fe\u7684\u4e09\u7ea7\u5206\u7c7b\u54c8\u54c8\u54c8\u54c8\u597d\u597d\u597d1",
                                "level":"4"
                            },
                            {
                                "cate_id":"293",
                                "cate_name":"\u6ca1\u6709\u5934\u56fe\u7684\u4e09\u7ea7\u5206\u7c7b2",
                                "level":"4"
                            },
                            {
                                "cate_id":"294",
                                "cate_name":"\u6ca1\u6709\u5934\u56fe\u7684\u4e09\u7ea7\u5206\u7c7b2",
                                "level":"4"
                            },
                            {
                                "cate_id":"342",
                                "cate_name":"\u6d4b\u8bd5\u540d\u79f0\u8fc7\u957f\u54c8\u5feb\u4ef6\u5355\u53f7\u53d1\u5361\u673a\u7231\u7684\u8272\u653e",
                                "level":"4"
                            }
                        ],
                        "level":"3"
                    },
                    {
                        "cate_id":"290",
                        "cate_name":"\u6ca1\u6709\u5934\u56fe\u7684\u4e8c\u7ea7\u5206\u7c7b2",
                        "child_cate":[
                            {
                                "cate_id":"295",
                                "cate_name":"\u6ca1\u6709\u5934\u56fe\u7684\u4e09\u7ea7\u5206\u7c7b4",
                                "level":"4"
                            },
                            {
                                "cate_id":"296",
                                "cate_name":"\u6ca1\u6709\u5934\u56fe\u7684\u4e09\u7ea7\u5206\u7c7b5",
                                "level":"4"
                            }
                        ],
                        "level":"3"
                    },
                    {
                        "cate_id":"291",
                        "cate_name":"\u6ca1\u6709\u5934\u56fe\u7684\u4e8c\u7ea7\u5206\u7c7b3",
                        "child_cate":[],
                        "level":"3"
                    }
                ],
                "title":"\u6ca1\u6709\u5934\u56fe\u7684\u5206\u7c7b",
                "type":"2"
            },
            {
                "cate_id":"250",
                "child_cate":[
                    {
                        "cate_id":"275",
                        "cate_name":"\u6c38\u4e0d\u5931\u8054\u7684\u7231",
                        "child_cate":[
                            {
                                "cate_id":"278",
                                "cate_name":"\u50cf\u590f\u5929\u7684\u53ef\u4e50",
                                "level":"4"
                            },
                            {
                                "cate_id":"279",
                                "cate_name":"\u50cf\u51ac\u5929\u7684coco",
                                "level":"4"
                            },
                            {
                                "cate_id":"280",
                                "cate_name":"\u662f\u4f60\u8ba9\u6211\u770b\u89c1",
                                "level":"4"
                            },
                            {
                                "cate_id":"281",
                                "cate_name":"\u5e72\u67af\u6c99\u6f20\u5f00\u51fa\u82b1\u4e00\u6735",
                                "level":"4"
                            },
                            {
                                "cate_id":"282",
                                "cate_name":"\u662f\u4f60\u8ba9\u6211\u7684\u4e16\u754c",
                                "level":"4"
                            },
                            {
                                "cate_id":"283",
                                "cate_name":"\u7231\u8981\u7cbe\u5fc3\u6765\u96d5\u523b",
                                "level":"4"
                            },
                            {
                                "cate_id":"284",
                                "cate_name":"\u662f\u4f60\u8ba9\u6211\u60f3\u8981\u6bcf\u5929\u4e3a\u4f60\u5199\u4e00\u9996\u60c5\u6b4c",
                                "level":"4"
                            },
                            {
                                "cate_id":"285",
                                "cate_name":"\u662f\u4f60\u8ba9\u6211\u7684\u751f\u6d3b\u4ece\u6b64\u90fd\u53ea\u8981\u4f60\u914d\u5408",
                                "level":"4"
                            },
                            {
                                "cate_id":"287",
                                "cate_name":"\u6709\u4e00\u79cd\u80dc\u5229",
                                "level":"4"
                            },
                            {
                                "cate_id":"301",
                                "cate_name":"\u5d07\u62dc",
                                "level":"4"
                            },
                            {
                                "cate_id":"302",
                                "cate_name":"\u4f60\u4ee5\u4e3a\u7231",
                                "level":"4"
                            },
                            {
                                "cate_id":"303",
                                "cate_name":"\u5c31\u662f\u88ab\u7231",
                                "level":"4"
                            },
                            {
                                "cate_id":"304",
                                "cate_name":"\u6211\u6d3b\u4e86",
                                "level":"4"
                            },
                            {
                                "cate_id":"305",
                                "cate_name":"\u6211\u7231\u4e86",
                                "level":"4"
                            },
                            {
                                "cate_id":"306",
                                "cate_name":"\u80af\u80fd\u7684\u53ef\u4ee5\u7684",
                                "level":"4"
                            },
                            {
                                "cate_id":"307",
                                "cate_name":"\u5e78\u798f\u4ed6\u4e0d\u5bb9\u6613",
                                "level":"4"
                            },
                            {
                                "cate_id":"308",
                                "cate_name":"\u6211\u8fd8\u4ee5\u4e3a\u6211\u4eec\u80fd\u4e0d\u540c\u4e8e\u522b\u4eba",
                                "level":"4"
                            },
                            {
                                "cate_id":"309",
                                "cate_name":"\u4f60\u7684\u59ff\u6001",
                                "level":"4"
                            },
                            {
                                "cate_id":"310",
                                "cate_name":"\u6211\u5b58\u5728\u5728\u4f60\u7684\u5b58\u5728",
                                "level":"4"
                            },
                            {
                                "cate_id":"311",
                                "cate_name":"\u4f60\u4ee5\u4e3a\u7231\u5c31\u662f\u88ab\u7231",
                                "level":"4"
                            },
                            {
                                "cate_id":"312",
                                "cate_name":"\u554a\u554a\u554a\u554a\u554a\u554a\u554a",
                                "level":"4"
                            },
                            {
                                "cate_id":"313",
                                "cate_name":"\u6211\u90fd\u4e0d\u7ba1\u4e86",
                                "level":"4"
                            }
                        ],
                        "level":"3"
                    },
                    {
                        "cate_id":"276",
                        "cate_name":"\u6708\u4eae\u60f9\u7684\u7978",
                        "child_cate":[],
                        "level":"3"
                    },
                    {
                        "cate_id":"277",
                        "cate_name":"\u6709\u70b9\u751c",
                        "child_cate":[],
                        "level":"3"
                    },
                    {
                        "cate_id":"286",
                        "cate_name":"\u7f18\u5206\u4e00\u9053\u6865",
                        "child_cate":[],
                        "level":"3"
                    }
                ],
                "title":"\u5b66\u4e0d\u4f1a",
                "type":"2"
            },
            {
                "cate_id":"246",
                "child_cate":[
                    {
                        "cate_id":"247",
                        "cate_name":"\u4ea4\u6362\u4f59\u751f",
                        "child_cate":[
                            {
                                "cate_id":"251",
                                "cate_name":"\u5b64\u5355\u542c\u96e8\u7684\u732b\u5f80\u65f6\u95f4\u88c2\u7f1d\u91cc\u770b\u5230\u4e86\u6211\u96f7\u7535\u4ea4\u52a0\u4e4b\u5916\u7684\u53e6\u4e00\u4e9b\u6211",
                                "level":"4"
                            },
                            {
                                "cate_id":"252",
                                "cate_name":"\u5982\u679c\u6211\u4eec\u51e0\u7ecf\u8f6c\u6298 \u7ed3\u5c40\u4e00\u6837\u4e0d\u52a8\u4e5f\u624d\u7b97\u65e0\u6127\u8fd9\u5206\u5408\u5b9a\u4f4d\u5fc3\u6d77\u7684\u951a\u8ba9\u65f6\u95f4\u505c\u987f\u7684\u50cf\u6162\u52a8\u4f5c\u4f60\u8bf4\u547d\u8fd0\u5f88\u574f\u5427\u5e78\u597d\u6709\u6211",
                                "level":"4"
                            },
                            {
                                "cate_id":"253",
                                "cate_name":"\u4ea4\u6362\u4f59\u751f",
                                "level":"4"
                            }
                        ],
                        "level":"3"
                    },
                    {
                        "cate_id":"248",
                        "cate_name":"\u6700\u521d\u7684\u5f00\u59cb",
                        "child_cate":[
                            {
                                "cate_id":"254",
                                "cate_name":"\u79bb\u5f00\u7684\u90a3\u4e00\u4e9b",
                                "level":"4"
                            }
                        ],
                        "level":"3"
                    },
                    {
                        "cate_id":"249",
                        "cate_name":"\u79bb\u5f00\u7684\u90a3\u4e00\u4e9b",
                        "child_cate":[
                            {
                                "cate_id":"259",
                                "cate_name":"\u9177\u9177\u7684",
                                "level":"4"
                            },
                            {
                                "cate_id":"260",
                                "cate_name":"\u5e05\u5e05\u7684",
                                "level":"4"
                            }
                        ],
                        "level":"3"
                    },
                    {
                        "cate_id":"274",
                        "cate_name":"\u6682\u65f6\u7684\u8bb0\u53f7",
                        "child_cate":[],
                        "level":"3"
                    }
                ],
                "title":"\u5e78\u5b58\u8005",
                "type":"2"
            },
            {
                "cate_id":"28",
                "child_cate":[],
                "title":"\u4ea7\u54c1\u767e\u79d1",
                "type":"2"
            },
            {
                "cate_id":"12",
                "child_cate":[
                    {
                        "cate_id":"199",
                        "cate_name":"\u8d4b\u80fd\u7cfb\u5217\u4e8c\u7ea7\u5206\u7c7b",
                        "child_cate":[
                            {
                                "cate_id":"200",
                                "cate_name":"\u8d4b\u80fd\u7cfb\u5217\u4e09\u7ea7\u5206\u7c7b001",
                                "level":"4"
                            },
                            {
                                "cate_id":"201",
                                "cate_name":"\u8d4b\u80fd\u7cfb\u5217\u4e09\u7ea7\u5206\u7c7b002",
                                "level":"4"
                            },
                            {
                                "cate_id":"202",
                                "cate_name":"\u65b0\u4eba\u5165\u95e8\u4e09\u7ea7\u5206\u7c7b003",
                                "level":"4"
                            },
                            {
                                "cate_id":"203",
                                "cate_name":"\u65b0\u4eba\u5165\u95e8\u4e09\u7ea7\u5206\u7c7b004",
                                "level":"4"
                            },
                            {
                                "cate_id":"204",
                                "cate_name":"\u65b0\u4eba\u5165\u95e8\u4e09\u7ea7\u5206\u7c7b005",
                                "level":"4"
                            },
                            {
                                "cate_id":"205",
                                "cate_name":"\u65b0\u4eba\u5165\u95e8\u4e09\u7ea7\u5206\u7c7b006",
                                "level":"4"
                            }
                        ],
                        "level":"3"
                    },
                    {
                        "cate_id":"206",
                        "cate_name":"\u65b0\u4eba\u5165\u95e8\u4e8c\u7ea7\u5206\u7c7b002",
                        "child_cate":[],
                        "level":"3"
                    },
                    {
                        "cate_id":"207",
                        "cate_name":"\u65b0\u4eba\u5165\u95e8\u4e8c\u7ea7\u5206\u7c7b003",
                        "child_cate":[],
                        "level":"3"
                    },
                    {
                        "cate_id":"208",
                        "cate_name":"\u65b0\u4eba\u5165\u95e8\u4e8c\u7ea7\u5206\u7c7b004",
                        "child_cate":[],
                        "level":"3"
                    },
                    {
                        "cate_id":"209",
                        "cate_name":"\u65b0\u4eba\u5165\u95e8\u4e8c\u7ea7\u5206\u7c7b005",
                        "child_cate":[],
                        "level":"3"
                    }
                ],
                "title":"\u8d4b\u80fd\u7cfb\u5217",
                "type":"2"
            },
            {
                "cate_id":"11",
                "child_cate":[
                    {
                        "cate_id":"197",
                        "cate_name":"\u6210\u957f\u9636\u68af\u4e8c\u7ea7\u5206\u7c7b",
                        "child_cate":[
                            {
                                "cate_id":"198",
                                "cate_name":"\u6210\u957f\u9636\u68af\u4e09\u7ea7\u5206\u7c7b",
                                "level":"4"
                            }
                        ],
                        "level":"3"
                    },
                    {
                        "cate_id":"210",
                        "cate_name":"\u6210\u957f\u9636\u68af\u4e8c\u7ea7\u5206\u7c7b002",
                        "child_cate":[
                            {
                                "cate_id":"229",
                                "cate_name":"\u6210\u957f\u9636\u68af\u4e09\u7ea7\u5206\u7c7b002-001",
                                "level":"4"
                            }
                        ],
                        "level":"3"
                    },
                    {
                        "cate_id":"211",
                        "cate_name":"\u6210\u957f\u9636\u68af\u4e8c\u7ea7\u5206\u7c7b003",
                        "child_cate":[
                            {
                                "cate_id":"230",
                                "cate_name":"\u6210\u957f\u9636\u68af\u4e09\u7ea7\u5206\u7c7b003-001",
                                "level":"4"
                            }
                        ],
                        "level":"3"
                    },
                    {
                        "cate_id":"212",
                        "cate_name":"\u6210\u957f\u9636\u68af\u4e8c\u7ea7\u5206\u7c7b004",
                        "child_cate":[
                            {
                                "cate_id":"231",
                                "cate_name":"\u6210\u957f\u9636\u68af\u4e09\u7ea7\u5206\u7c7b004-001",
                                "level":"4"
                            }
                        ],
                        "level":"3"
                    },
                    {
                        "cate_id":"213",
                        "cate_name":"\u6210\u957f\u9636\u68af\u4e8c\u7ea7\u5206\u7c7b005",
                        "child_cate":[
                            {
                                "cate_id":"232",
                                "cate_name":"\u6210\u957f\u9636\u68af\u4e09\u7ea7\u5206\u7c7b005-001",
                                "level":"4"
                            }
                        ],
                        "level":"3"
                    },
                    {
                        "cate_id":"214",
                        "cate_name":"\u6210\u957f\u9636\u68af\u4e8c\u7ea7\u5206\u7c7b006",
                        "child_cate":[
                            {
                                "cate_id":"233",
                                "cate_name":"\u6210\u957f\u9636\u68af\u4e09\u7ea7\u5206\u7c7b005-001",
                                "level":"4"
                            }
                        ],
                        "level":"3"
                    }
                ],
                "title":"\u6210\u957f\u9636\u68af",
                "type":"2"
            },
            {
                "cate_id":"10",
                "child_cate":[
                    {
                        "cate_id":"170",
                        "cate_name":"\u65b0\u4eba\u5165\u95e8\u4e8c\u7ea7\u5206\u7c7b",
                        "child_cate":[
                            {
                                "cate_id":"171",
                                "cate_name":"\u65b0\u4eba\u5165\u95e8\u4e09\u7ea7\u5206\u7c7b",
                                "level":"4"
                            },
                            {
                                "cate_id":"176",
                                "cate_name":"\u65b0\u4eba\u5165\u95e8\u4e09\u7ea7\u5206\u7c7b002",
                                "level":"4"
                            },
                            {
                                "cate_id":"177",
                                "cate_name":"\u65b0\u4eba\u5165\u95e8\u4e09\u7ea7\u5206\u7c7b003",
                                "level":"4"
                            },
                            {
                                "cate_id":"178",
                                "cate_name":"\u65b0\u4eba\u5165\u95e8\u4e09\u7ea7\u5206\u7c7b004",
                                "level":"4"
                            },
                            {
                                "cate_id":"179",
                                "cate_name":"\u65b0\u4eba\u5165\u95e8\u4e09\u7ea7\u5206\u7c7b005",
                                "level":"4"
                            },
                            {
                                "cate_id":"180",
                                "cate_name":"\u65b0\u4eba\u5165\u95e8\u4e09\u7ea7\u5206\u7c7b006",
                                "level":"4"
                            }
                        ],
                        "level":"3"
                    },
                    {
                        "cate_id":"172",
                        "cate_name":"\u65b0\u4eba\u5165\u95e8\u4e8c\u7ea7\u5206\u7c7b002",
                        "child_cate":[
                            {
                                "cate_id":"215",
                                "cate_name":"\u65b0\u4eba\u5165\u95e8\u4e09\u7ea7\u5206\u7c7b002-001",
                                "level":"4"
                            },
                            {
                                "cate_id":"216",
                                "cate_name":"\u65b0\u4eba\u5165\u95e8\u4e09\u7ea7\u5206\u7c7b002-002",
                                "level":"4"
                            },
                            {
                                "cate_id":"217",
                                "cate_name":"\u65b0\u4eba\u5165\u95e8\u4e09\u7ea7\u5206\u7c7b002-003",
                                "level":"4"
                            }
                        ],
                        "level":"3"
                    },
                    {
                        "cate_id":"173",
                        "cate_name":"\u65b0\u4eba\u5165\u95e8\u4e8c\u7ea7\u5206\u7c7b003",
                        "child_cate":[
                            {
                                "cate_id":"218",
                                "cate_name":"\u65b0\u4eba\u5165\u95e8\u4e09\u7ea7\u5206\u7c7b003-001",
                                "level":"4"
                            },
                            {
                                "cate_id":"219",
                                "cate_name":"\u65b0\u4eba\u5165\u95e8\u4e09\u7ea7\u5206\u7c7b003-002",
                                "level":"4"
                            },
                            {
                                "cate_id":"220",
                                "cate_name":"\u65b0\u4eba\u5165\u95e8\u4e09\u7ea7\u5206\u7c7b003-003",
                                "level":"4"
                            },
                            {
                                "cate_id":"221",
                                "cate_name":"\u65b0\u4eba\u5165\u95e8\u4e09\u7ea7\u5206\u7c7b003-004",
                                "level":"4"
                            }
                        ],
                        "level":"3"
                    },
                    {
                        "cate_id":"174",
                        "cate_name":"\u65b0\u4eba\u5165\u95e8\u4e8c\u7ea7\u5206\u7c7b004",
                        "child_cate":[
                            {
                                "cate_id":"222",
                                "cate_name":"\u65b0\u4eba\u5165\u95e8\u4e09\u7ea7\u5206\u7c7b004-001",
                                "level":"4"
                            },
                            {
                                "cate_id":"223",
                                "cate_name":"\u65b0\u4eba\u5165\u95e8\u4e09\u7ea7\u5206\u7c7b004-002",
                                "level":"4"
                            },
                            {
                                "cate_id":"224",
                                "cate_name":"\u65b0\u4eba\u5165\u95e8\u4e09\u7ea7\u5206\u7c7b004-003",
                                "level":"4"
                            },
                            {
                                "cate_id":"225",
                                "cate_name":"\u65b0\u4eba\u5165\u95e8\u4e09\u7ea7\u5206\u7c7b004-004",
                                "level":"4"
                            }
                        ],
                        "level":"3"
                    },
                    {
                        "cate_id":"175",
                        "cate_name":"\u65b0\u4eba\u5165\u95e8\u4e8c\u7ea7\u5206\u7c7b005",
                        "child_cate":[
                            {
                                "cate_id":"226",
                                "cate_name":"\u65b0\u4eba\u5165\u95e8\u4e09\u7ea7\u5206\u7c7b005-001",
                                "level":"4"
                            },
                            {
                                "cate_id":"227",
                                "cate_name":"\u65b0\u4eba\u5165\u95e8\u4e09\u7ea7\u5206\u7c7b005-002",
                                "level":"4"
                            },
                            {
                                "cate_id":"228",
                                "cate_name":"\u65b0\u4eba\u5165\u95e8\u4e09\u7ea7\u5206\u7c7b005-003",
                                "level":"4"
                            }
                        ],
                        "level":"3"
                    }
                ],
                "title":"\u65b0\u4eba\u5165\u95e8",
                "type":"2"
            }
        ]
    },
    "msg":"success"
}
2020-11-25 10:41:23,202 - live_detail - INFO - 测试用例live_detail开始执行
2020-11-25 10:41:23,607 - live_detail - INFO - 响应内容为{
    "code":200,
    "data":{
        "banner":{
            "img":null,
            "link":null,
            "title":"\u76f4\u64ad\u6d3b\u52a8\u63a8\u8350\u5c01\u9762banner\u56fe\u7247"
        },
        "end_time":null,
        "goods":{
            "img":null,
            "link":null,
            "title":"\u76f4\u64ad\u5546\u54c1"
        },
        "live_remind":null,
        "live_report_url":null,
        "my_data":[
            {
                "amount":"0.00",
                "is_sales_amount":1,
                "remark":null,
                "title":"\u672c\u573a\u8ba2\u5355\u5956\u52b1",
                "url":"knowledgeaction://proceeds?tab_id=1&type_id=2"
            }
        ],
        "my_data_url":"https://h5.iyuansong.com/treeCollege/detail?article_id=4563&type=3",
        "poster":{
            "img":{
                "height":108,
                "url":"http://img.miyabaobei.com/d1/p6/2020/10/19/a3/36/a3363836ba447653cb15f051dbb2c8e6849757269.png",
                "width":340
            },
            "link":"https://m.mia.com/plus/poster/index_zhixing?zhixinguid=220110452&iszhixing=1&randomsign=69554330f16f5aae277779d7a6b1c6b0",
            "title":"\u6211\u7684\u4e13\u5c5e\u9501\u7c89\u6d77\u62a5"
        },
        "session_id":null,
        "share_button_dec":"\u5206\u4eab\u76f4\u64ad\u95f4",
        "share_img_url":{
            "height":1280,
            "url":"http://img.miyabaobei.com/d1/p6/2020/10/21/e3/2d/e32d2a3228e2841608b5a003f63e524e763265218.jpg",
            "width":720
        },
        "start_time":null,
        "status":-1
    },
    "msg":"success"
}
2020-11-25 10:41:23,609 - suite - INFO - 构建成功
