2021-02-24 10:00:56,419 - live_detail - INFO - 测试用例live_detail开始执行
2021-02-24 10:00:57,116 - live_detail - INFO - 响应内容为{
    "code":200,
    "data":{
        "banner":{
            "img":null,
            "link":null,
            "title":"\u76f4\u64ad\u6d3b\u52a8\u63a8\u8350\u5c01\u9762banner\u56fe\u7247"
        },
        "end_time":null,
        "goods":{
            "img":null,
            "link":null,
            "title":"\u76f4\u64ad\u5546\u54c1"
        },
        "live_remind":null,
        "live_report_url":null,
        "my_data":[
            {
                "amount":"0.00",
                "is_sales_amount":1,
                "remark":null,
                "title":"\u672c\u573a\u8ba2\u5355\u5956\u52b1",
                "url":"knowledgeaction://proceeds?tab_id=1&type_id=2"
            }
        ],
        "my_data_url":"https://h5.iyuansong.com/treeCollege/detail?article_id=4563&type=3",
        "poster":{
            "img":{
                "height":108,
                "url":"http://img.miyabaobei.com/d1/p6/2020/10/19/a3/36/a3363836ba447653cb15f051dbb2c8e6849757269.png",
                "width":340
            },
            "link":"https://m.mia.com/plus/poster/index_zhixing?zhixinguid=220110452&iszhixing=1&randomsign=69554330f16f5aae277779d7a6b1c6b0",
            "title":"\u6211\u7684\u4e13\u5c5e\u9501\u7c89\u6d77\u62a5"
        },
        "session_id":null,
        "share_button_dec":"\u5206\u4eab\u76f4\u64ad\u95f4",
        "share_img_url":{
            "height":1280,
            "url":"http://img.miyabaobei.com/d1/p6/2020/10/21/e3/2d/e32d2a3228e2841608b5a003f63e524e763265218.jpg",
            "width":720
        },
        "start_time":null,
        "status":-1
    },
    "msg":"success"
}
